Arguments: 
  /Users/mpoppen/.nvm/versions/node/v16.6.2/bin/node /Users/mpoppen/.yvm/versions/v1.22.19/bin/yarn.js publish

PATH: 
  /Users/mpoppen/.yvm/shim:/Users/mpoppen/.nvm/versions/node/v16.6.2/bin:/usr/local/bin:/usr/bin:/bin:/usr/sbin:/sbin

Yarn version: 
  1.22.19

Node version: 
  16.6.2

Platform: 
  darwin x64

Trace: 
  Error: canceled
      at Interface.<anonymous> (/Users/mpoppen/.yvm/versions/v1.22.19/lib/cli.js:137150:13)
      at Interface.emit (node:events:394:28)
      at Interface._ttyWrite (node:readline:1081:16)
      at ReadStream.onkeypress (node:readline:288:10)
      at ReadStream.emit (node:events:394:28)
      at emitKeys (node:internal/readline/utils:358:14)
      at emitKeys.next (<anonymous>)
      at ReadStream.onData (node:internal/readline/emitKeypressEvents:61:36)
      at ReadStream.emit (node:events:394:28)
      at addChunk (node:internal/streams/readable:312:12)

npm manifest: 
  {
    "name": "com.vag.core",
    "version": "1.0.0",
    "main": "app.js",
    "repository": {
      "type": "git",
      "url": "https://github.com/martijnpoppen/com.vag.core"
    },
    "scripts": {
      "sync": "npm run sync-vw && npm run sync-seat && npm run sync-cupra && npm run sync-skoda && npm run sync-audi",
      "sync-vw": "cd ../ && rm -rf ./com.we-volkswagen.connect && cp -R ./com.vag.core ./com.we-volkswagen.connect && cd ./com.we-volkswagen.connect && rm -rf .git .gitignore && git clone https://github.com/martijnpoppen/com.we-volkswagen.connect.git ./clone && cp -R ./clone/ . && npm ci && rm -rf clone drivers/audi-ev drivers/audi-fuel drivers/audi-hybrid drivers/skoda-ev drivers/skoda-fuel drivers/skoda-hybrid drivers/cupra-ev drivers/seat-fuel drivers/seat-hybrid",
      "sync-seat": "cd ../ && rm -rf ./com.seat.connectedcar && cp -R ./com.vag.core ./com.seat.connectedcar && cd ./com.seat.connectedcar && rm -rf .git .gitignore && git clone https://github.com/martijnpoppen/com.seat.connectedcar.git ./clone && cp -R ./clone/ . && npm ci && rm -rf clone drivers/audi-ev drivers/audi-fuel drivers/audi-hybrid drivers/skoda-ev drivers/skoda-fuel drivers/skoda-hybrid drivers/cupra-ev drivers/vw-ev drivers/vw-fuel drivers/vw-hybrid",
      "sync-cupra": "cd ../ && rm -rf ./com.cupra.connectedcar && cp -R ./com.vag.core ./com.cupra.connectedcar && cd ./com.cupra.connectedcar && rm -rf .git .gitignore && git clone https://github.com/martijnpoppen/com.cupra.connectedcar.git ./clone && cp -R ./clone/ . && npm ci && rm -rf clone drivers/audi-ev drivers/audi-fuel drivers/audi-hybrid drivers/skoda-ev drivers/skoda-fuel drivers/skoda-hybrid drivers/seat-fuel drivers/seat-hybrid drivers/vw-ev drivers/vw-fuel drivers/vw-hybrid",
      "sync-skoda": "cd ../ && rm -rf ./cz.skodaauto.connect && cp -R ./com.vag.core ./cz.skodaauto.connect && cd ./cz.skodaauto.connect && rm -rf .git .gitignore && git clone https://github.com/martijnpoppen/cz.skodaauto.connect.git ./clone && cp -R ./clone/ . && npm ci && rm -rf clone drivers/audi-ev drivers/audi-fuel drivers/audi-hybrid drivers/cupra-ev drivers/seat-fuel drivers/seat-hybrid drivers/vw-ev drivers/vw-fuel drivers/vw-hybrid",
      "sync-audi": "cd ../ && rm -rf ./de.myaudi.mobile.assistant && cp -R ./com.vag.core ./de.myaudi.mobile.assistant && cd ./de.myaudi.mobile.assistant && rm -rf .git .gitignore && git clone https://github.com/martijnpoppen/de.myaudi.mobile.assistant.git ./clone && cp -R ./clone/ . && npm ci && rm -rf clone drivers/cupra-ev drivers/seat-fuel drivers/seat-hybrid drivers/skoda-ev drivers/skoda-fuel drivers/skoda-hybrid drivers/vw-ev drivers/vw-fuel drivers/vw-hybrid",
      "publish-vw": "yarn sync-vw && cd ../com.we-volkswagen.connect && homey app publish && cd ../com.vag.core",
      "publish-seat": "yarn sync-seat && cd ../com.seat.connectedcar && homey app publish && cd ../com.vag.core",
      "publish-cupra": "yarn sync-cupra && cd ../com.cupra.connectedcar && homey app publish && cd ../com.vag.core",
      "publish-skoda": "yarn sync-skoda && cd ../cz.skodaauto.connect && homey app publish && cd ../com.vag.core",
      "publish-audi": "yarn sync-audi && cd ../de.myaudi.mobile.assistant && homey app publish && cd ../com.vag.core",
      "run-vw": "yarn sync-vw && cd ../com.we-volkswagen.connect && homey app run && cd ../com.vag.core",
      "run-seat": "yarn sync-seat && cd ../com.seat.connectedcar && homey app run && cd ../com.vag.core",
      "run-cupra": "yarn sync-cupra && cd ../com.cupra.connectedcar && homey app run && cd ../com.vag.core",
      "run-skoda": "yarn sync-skoda && cd ../cz.skodaauto.connect && homey app run && cd ../com.vag.core",
      "run-audi": "yarn sync-audi && cd ../de.myaudi.mobile.assistant && homey app run && cd ../com.vag.core",
      "sync-dev": "cd ../ && rm -rf ./com.we-volkswagen.connect && cp -R ./com.vag.core ./com.we-volkswagen.connect && cd ./com.we-volkswagen.connect && rm -rf .git .gitignore && git clone https://github.com/martijnpoppen/com.we-volkswagen.connect.git ./clone && cp -R ./clone/ . && npm ci && rm -rf clone",
      "publish-dev": "yarn sync-dev && homey app publish",
      "run-dev": "yarn sync-dev && homey app run"
    },
    "dependencies": {
      "@iobroker/adapter-core": "file:./lib/@iobroker/adapter-core",
      "@peculiar/webcrypto": "^1.1.6",
      "axios": "^0.21.1",
      "dottie": "^2.0.2",
      "ngeohash": "^0.6.3",
      "npm-force-resolutions": "^0.0.10",
      "qs": "^6.10.3",
      "request": "^2.88.2",
      "traverse": "^0.6.6",
      "uuid": "^8.3.2"
    },
    "resolutions": {
      "iobroker.vw-connect/@iobroker/adapter-core": "file:./lib/@iobroker/adapter-core"
    }
  }

yarn manifest: 
  No manifest

Lockfile: 
  No lockfile
